<?xml version="1.0" encoding="UTF-8"?>
<!-- Generated by org.testng.reporters.JUnitReportReporter -->
<testsuite hostname="LAPTOP-DENRBFPO" failures="0" tests="2" name="com.actiTime.testscript.CustomerModule" time="0.024" errors="0" timestamp="2024-04-19T15:59:56 IST" skipped="0">
  <testcase classname="com.actiTime.testscript.CustomerModule" name="createCustomer" time="0.021"/>
  <system-out>
    <![CDATA[Create Customer]]>
  </system-out>
  <testcase classname="com.actiTime.testscript.CustomerModule" name="modfyCustomer" time="0.003"/>
  <system-out>
    <![CDATA[modify Customer]]>
  </system-out>
</testsuite> <!-- com.actiTime.testscript.CustomerModule -->
