<?xml version="1.0" encoding="UTF-8"?>
<!-- Generated by org.testng.reporters.JUnitReportReporter -->
<testsuite hostname="LAPTOP-DENRBFPO" failures="0" tests="1" name="com.altius.testscript.CampaignModule" time="15.489" errors="0" timestamp="2024-04-17T16:22:48 IST" skipped="0">
  <testcase classname="com.altius.testscript.CampaignModule" name="CreateCampaign" time="15.489"/>
  <system-out/>
</testsuite> <!-- com.altius.testscript.CampaignModule -->
